c:\users\computing\documents\github\bamt\bamt\x64\debug\vc143.pdb
c:\users\computing\documents\github\bamt\bamt\x64\debug\vc143.idb
c:\users\computing\documents\github\bamt\bamt\x64\debug\input.obj
c:\users\computing\documents\github\bamt\bamt\x64\debug\debug.obj
c:\users\computing\documents\github\bamt\bamt\x64\debug\colour.obj
c:\users\computing\documents\github\bamt\bamt\x64\debug\coordinategrid.obj
c:\users\computing\documents\github\bamt\bamt\x64\debug\enginemanager.obj
c:\users\computing\documents\github\bamt\bamt\x64\debug\scene.obj
c:\users\computing\documents\github\bamt\bamt\x64\debug\entity.obj
c:\users\computing\documents\github\bamt\bamt\x64\debug\component.obj
c:\users\computing\documents\github\bamt\bamt\x64\debug\trirenderer.obj
c:\users\computing\documents\github\bamt\bamt\x64\debug\transform.obj
c:\users\computing\documents\github\bamt\bamt\x64\debug\rigidbody.obj
c:\users\computing\documents\github\bamt\bamt\x64\debug\renderer.obj
c:\users\computing\documents\github\bamt\bamt\x64\debug\rectrenderer.obj
c:\users\computing\documents\github\bamt\bamt\x64\debug\spriterenderer.obj
c:\users\computing\documents\github\bamt\bamt\x64\debug\staticcollider.obj
c:\users\computing\documents\github\bamt\bamt\x64\debug\physicsmovement.obj
c:\users\computing\documents\github\bamt\bamt\x64\debug\physicscube.obj
c:\users\computing\documents\github\bamt\bamt\x64\debug\pinballgamelevel.obj
c:\users\computing\documents\github\bamt\bamt\x64\debug\pinballgame.obj
c:\users\computing\documents\github\bamt\bamt\x64\debug\physicstestscene.obj
c:\users\computing\documents\github\bamt\bamt\x64\debug\main.obj
c:\users\computing\documents\github\bamt\bamt\x64\debug\splashscreen.obj
c:\users\computing\documents\github\bamt\bamt\x64\debug\ticktimer.obj
c:\users\computing\documents\github\bamt\x64\debug\bamt.exe
c:\users\computing\documents\github\bamt\bamt\x64\debug\bamt.ilk
c:\users\computing\documents\github\bamt\x64\debug\bamt.pdb
c:\users\computing\documents\github\bamt\bamt\x64\debug\bamt.res
c:\users\computing\documents\github\bamt\bamt\x64\debug\bamt.tlog\cl.command.1.tlog
c:\users\computing\documents\github\bamt\bamt\x64\debug\bamt.tlog\cl.read.1.tlog
c:\users\computing\documents\github\bamt\bamt\x64\debug\bamt.tlog\cl.write.1.tlog
c:\users\computing\documents\github\bamt\bamt\x64\debug\bamt.tlog\link.command.1.tlog
c:\users\computing\documents\github\bamt\bamt\x64\debug\bamt.tlog\link.read.1.tlog
c:\users\computing\documents\github\bamt\bamt\x64\debug\bamt.tlog\link.write.1.tlog
c:\users\computing\documents\github\bamt\bamt\x64\debug\bamt.tlog\rc.command.1.tlog
c:\users\computing\documents\github\bamt\bamt\x64\debug\bamt.tlog\rc.read.1.tlog
c:\users\computing\documents\github\bamt\bamt\x64\debug\bamt.tlog\rc.write.1.tlog
